<?xml version="1.0" encoding="UTF-8"?>
<!-- Generated by org.testng.reporters.JUnitReportReporter -->
<testsuite skipped="0" hostname="SABARIs-MacBook-Air.local" name="com.sabari.page_objects.WebTables" tests="2" failures="0" timestamp="19 Nov 2022 01:21:10 GMT" time="6.694" errors="0">
  <testcase name="clickOnElements" time="3.842" classname="com.sabari.page_objects.WebTables"/>
  <testcase name="clickOnWebTables" time="2.852" classname="com.sabari.page_objects.WebTables"/>
</testsuite> <!-- com.sabari.page_objects.WebTables -->
