<?xml version="1.0" encoding="UTF-8"?>
<!-- Generated by org.testng.reporters.JUnitReportReporter -->
<testsuite skipped="0" hostname="SABARIs-MacBook-Air.local" name="com.sabari.page_objects.Elements" tests="2" failures="0" timestamp="12 Dec 2022 02:12:35 GMT" time="6.216" errors="0">
  <testcase name="clickOnElements" time="4.006" classname="com.sabari.page_objects.Elements"/>
  <testcase name="clickOnTextBox" time="2.210" classname="com.sabari.page_objects.Elements"/>
</testsuite> <!-- com.sabari.page_objects.Elements -->
