<?xml version="1.0" encoding="UTF-8"?>
<!-- Generated by org.testng.reporters.JUnitReportReporter -->
<testsuite skipped="0" hostname="SABARIs-MacBook-Air.local" name="base.login" tests="1" failures="0" timestamp="14 Nov 2022 13:56:46 GMT" time="16.060" errors="0">
  <testcase name="launchBrowser" time="16.060" classname="base.login"/>
</testsuite> <!-- base.login -->
